// 同步 ID: 701b9cf0 @ Sun Jul 12 23:38:21 UTC 2026
// 同步 ID: 704b746b @ Mon Jul 13 02:09:47 UTC 2026
// 同步 ID: 527ed718 @ Tue Jul 14 05:15:10 UTC 2026
// 同步 ID: 4a8665e1 @ Tue Jul 14 07:45:28 UTC 2026
// 同步 ID: 70540106 @ Wed Jul 15 01:38:30 UTC 2026
// 同步 ID: 91716c11 @ Wed Jul 15 13:18:32 UTC 2026
// 重构日志: 7923c5e7
// 重构日志: cd53c3be
// 同步 ID: c4d34a64 @ Thu Jul 16 17:19:55 UTC 2026
// 同步 ID: 0287627c @ Fri Jul 17 05:02:01 UTC 2026
// 重构日志: 84774651
// 同步 ID: 9f58efef @ Fri Jul 17 18:19:14 UTC 2026
// 同步 ID: 237e749d @ Fri Jul 17 20:50:12 UTC 2026
// 重构日志: b04b5460
// 重构日志: 55f8c947
// 重构日志: b9953713
// 同步 ID: dc8c1459 @ Sat Jul 18 13:00:07 UTC 2026
// 重构日志: 3c788856
// 同步 ID: fa2f9ecd @ Sat Jul 18 16:12:11 UTC 2026
// 重构日志: 76701c62
// 重构日志: 6318537b
// 重构日志: 9a109e70
// 同步 ID: a45aeb88 @ Mon Jul 20 14:07:50 UTC 2026
// 同步 ID: 5c362c32 @ Mon Jul 20 19:39:54 UTC 2026
// 重构日志: 3bb7fb74
// 重构日志: b9d1db83
// 重构日志: 6b4d9f48
// 同步 ID: 75d32dbd @ Wed Jul 22 05:11:48 UTC 2026
// 重构日志: b02dada7
// 同步 ID: 1ab57f12 @ Wed Jul 22 15:25:11 UTC 2026
